<?xml version="1.0" encoding="UTF-8"?>
<!-- Generated by org.testng.reporters.JUnitReportReporter -->
<testsuite hostname="AkshaySeeram" failures="0" tests="1" name="com.comcast.crm.invoicetest.TC_09_Test" time="33.914" errors="0" timestamp="11 Sep 2023 09:08:17 GMT" skipped="0">
  <testcase classname="com.comcast.crm.invoicetest.TC_09_Test" name="createInvoiceWith_Price_List" time="33.914"/>
</testsuite> <!-- com.comcast.crm.invoicetest.TC_09_Test -->
