<?xml version="1.0" encoding="UTF-8"?>
<!-- Generated by org.testng.reporters.JUnitReportReporter -->
<testsuite hostname="AkshaySeeram" failures="0" tests="1" name="com.comcast.crm.invoicetest.TC_11_Test" time="17.466" errors="0" timestamp="09 Sep 2023 09:50:33 GMT" skipped="0">
  <testcase classname="com.comcast.crm.invoicetest.TC_11_Test" name="delete_MultipleInvoiceDetails_fromListView" time="17.466"/>
</testsuite> <!-- com.comcast.crm.invoicetest.TC_11_Test -->
