<?xml version="1.0" encoding="UTF-8"?>
<!-- Generated by org.testng.reporters.JUnitReportReporter -->
<testsuite hostname="AkshaySeeram" failures="0" tests="1" name="com.comcast.crm.invoicetest.PreConditions" time="28.823" errors="0" timestamp="11 Sep 2023 10:00:00 GMT" skipped="0">
  <testcase classname="com.comcast.crm.invoicetest.PreConditions" name="createSalesOrder" time="28.823"/>
</testsuite> <!-- com.comcast.crm.invoicetest.PreConditions -->
