<?xml version="1.0" encoding="UTF-8"?>
<!-- Generated by org.testng.reporters.JUnitReportReporter -->
<testsuite hostname="AkshaySeeram" failures="0" tests="1" name="com.comcast.crm.invoicetest.TC_10_Test" time="17.940" errors="0" timestamp="09 Sep 2023 09:40:21 GMT" skipped="0">
  <testcase classname="com.comcast.crm.invoicetest.TC_10_Test" name="createInvoiceWith_QTY_MoreThanInStock" time="17.940"/>
</testsuite> <!-- com.comcast.crm.invoicetest.TC_10_Test -->
