<?xml version="1.0" encoding="UTF-8"?>
<!-- Generated by org.testng.reporters.JUnitReportReporter -->
<testsuite hostname="AkshaySeeram" failures="0" tests="1" name="com.comcast.crm.invoicetest.TC_12_Test" time="25.547" errors="0" timestamp="11 Sep 2023 04:16:04 GMT" skipped="0">
  <testcase classname="com.comcast.crm.invoicetest.TC_12_Test" name="MassEdit_MultipleInvoiceDetails" time="25.547"/>
</testsuite> <!-- com.comcast.crm.invoicetest.TC_12_Test -->
