<?xml version="1.0" encoding="UTF-8"?>
<!-- Generated by org.testng.reporters.JUnitReportReporter -->
<testsuite hostname="AkshaySeeram" failures="0" tests="1" name="com.comcast.crm.invoicetest.TC_09" time="17.008" errors="0" timestamp="09 Sep 2023 07:22:03 GMT" skipped="0">
  <testcase classname="com.comcast.crm.invoicetest.TC_09" name="createInvoiceWith_Price_List" time="17.008"/>
</testsuite> <!-- com.comcast.crm.invoicetest.TC_09 -->
